./sdriver.pl -t trace11.txt -s ./tsh -a "-p"
#
# trace11.txt - Process bg builtin command
#
tsh> ./myspin 4 &
[1] (26281) ./myspin 4 &
tsh> ./myspin 5
Job [2] (26283) stopped by signal 20
tsh> jobs
[1] (26281) Running ./myspin 4 &
[2] (26283) Stopped ./myspin 5 
tsh> bg %2
[2] (26283) ./myspin 5 
tsh> jobs
[1] (26281) Running ./myspin 4 &
[2] (26283) Running ./myspin 5 
./sdriver.pl -t trace12.txt -s ./tsh -a "-p"
#
# trace12.txt - Process fg builtin command. 
#
tsh> ./myspin 4 &
[1] (26290) ./myspin 4 &
tsh> fg %1
Job [1] (26290) stopped by signal 20
tsh> jobs
[1] (26290) Stopped ./myspin 4 &
tsh> fg %1
tsh> jobs
./sdriver.pl -t trace13.txt -s ./tsh -a "-p"
#
# trace13.txt - Restart every stopped process in process group
#
tsh> ./mysplit 4
Job [1] (26313) stopped by signal 20
tsh> jobs
[1] (26313) Stopped ./mysplit 4 
tsh> /bin/ps a
  PID TTY      STAT   TIME COMMAND
25181 pts/3    S      0:00 -usr/local/bin/tcsh -i
26239 pts/3    S      0:00 make tshrefout
26240 pts/3    S      0:00 /bin/sh -c make tests > tshref.out 2>&1
26241 pts/3    S      0:00 make tests
26310 pts/3    S      0:00 perl ./sdriver.pl -t trace13.txt -s ./tsh -a -p
26311 pts/3    S      0:00 ./tsh -p
26313 pts/3    T      0:00 ./mysplit 4
26314 pts/3    T      0:00 ./mysplit 4
26317 pts/3    R      0:00 /bin/ps a
tsh> fg %1
tsh> /bin/ps a
  PID TTY      STAT   TIME COMMAND
25181 pts/3    S      0:00 -usr/local/bin/tcsh -i
26239 pts/3    S      0:00 make tshrefout
26240 pts/3    S      0:00 /bin/sh -c make tests > tshref.out 2>&1
26241 pts/3    S      0:00 make tests
26310 pts/3    S      0:00 perl ./sdriver.pl -t trace13.txt -s ./tsh -a -p
26311 pts/3    S      0:00 ./tsh -p
26320 pts/3    R      0:00 /bin/ps a
./sdriver.pl -t trace14.txt -s ./tsh -a "-p"
#
# trace14.txt - Simple error handling
#
tsh> ./bogus
./bogus: Command not found
tsh> ./myspin 4 &
[1] (26326) ./myspin 4 &
tsh> fg
fg command requires PID or %jobid argument
tsh> bg
bg command requires PID or %jobid argument
tsh> fg a
fg: argument must be a PID or %jobid
tsh> bg a
bg: argument must be a PID or %jobid
tsh> fg 9999999
(9999999): No such process
tsh> bg 9999999
(9999999): No such process
tsh> fg %2
%2: No such job
tsh> fg %1
Job [1] (26326) stopped by signal 20
tsh> bg %2
%2: No such job
tsh> bg %1
[1] (26326) ./myspin 4 &
tsh> jobs
[1] (26326) Running ./myspin 4 &
./sdriver.pl -t trace15.txt -s ./tsh -a "-p"
#
# trace15.txt - Putting it all together
#
tsh> ./bogus
./bogus: Command not found
tsh> ./myspin 10
Job [1] (26343) terminated by signal 2
tsh> ./myspin 3 &
[1] (26345) ./myspin 3 &
tsh> ./myspin 4 &
[2] (26347) ./myspin 4 &
tsh> jobs
[1] (26345) Running ./myspin 3 &
[2] (26347) Running ./myspin 4 &
tsh> fg %1
Job [1] (26345) stopped by signal 20
tsh> jobs
[1] (26345) Stopped ./myspin 3 &
[2] (26347) Running ./myspin 4 &
tsh> bg %3
%3: No such job
tsh> bg %1
[1] (26345) ./myspin 3 &
tsh> jobs
[1] (26345) Running ./myspin 3 &
[2] (26347) Running ./myspin 4 &
tsh> fg %1
tsh> quit
